[debug] [2025-11-16T15:34:02.706Z] ----------------------------------------------------------------------
[debug] [2025-11-16T15:34:02.708Z] Command:       /usr/local/bin/node /usr/local/bin/firebase init hosting
[debug] [2025-11-16T15:34:02.708Z] CLI Version:   14.25.0
[debug] [2025-11-16T15:34:02.708Z] Platform:      darwin
[debug] [2025-11-16T15:34:02.708Z] Node Version:  v24.11.1
[debug] [2025-11-16T15:34:02.708Z] Time:          Sun Nov 16 2025 22:34:02 GMT+0700 (Indochina Time)
[debug] [2025-11-16T15:34:02.708Z] ----------------------------------------------------------------------
[debug] 
[debug] [2025-11-16T15:34:02.709Z] >>> [apiv2][query] GET https://firebase-public.firebaseio.com/cli.json [none]
[info] 
     ######## #### ########  ######## ########     ###     ######  ########
     ##        ##  ##     ## ##       ##     ##  ##   ##  ##       ##
     ######    ##  ########  ######   ########  #########  ######  ######
     ##        ##  ##    ##  ##       ##     ## ##     ##       ## ##
     ##       #### ##     ## ######## ########  ##     ##  ######  ########

You're about to initialize a Firebase project in this directory:

  /Users/depa/Desktop/Web Follow Student

[info] 
=== Project Setup
[info] 
[info] First, let's associate this project directory with a Firebase project.
[info] You can create multiple project aliases by running firebase use --add, 
[info] 
[debug] [2025-11-16T15:34:02.724Z] > command requires scopes: ["email","openid","https://www.googleapis.com/auth/cloudplatformprojects.readonly","https://www.googleapis.com/auth/firebase","https://www.googleapis.com/auth/cloud-platform"]
[debug] [2025-11-16T15:34:02.725Z] > authorizing via signed-in user (thepbodinttechnology@gmail.com)
[debug] [2025-11-16T15:34:02.725Z] Checked if tokens are valid: true, expires at: 1763310455432
[debug] [2025-11-16T15:34:02.725Z] Checked if tokens are valid: true, expires at: 1763310455432
[debug] [2025-11-16T15:34:02.725Z] >>> [apiv2][query] GET https://firebase.googleapis.com/v1beta1/projects/school-checkin-72e99 [none]
[debug] [2025-11-16T15:34:02.909Z] *** [apiv2] error from fetch(https://firebase-public.firebaseio.com/cli.json, {"headers":{},"method":"GET"}): FetchError: request to https://firebase-public.firebaseio.com/cli.json failed, reason: read ECONNRESET
[warn] ⚠  Unable to fetch the CLI MOTD and remote config. This is not a fatal error, but may indicate an issue with your network connection. 
[debug] [2025-11-16T15:34:02.910Z] Failed to fetch MOTD FirebaseError: Failed to make request to https://firebase-public.firebaseio.com/cli.json
[debug] [2025-11-16T15:34:05.467Z] <<< [apiv2][status] GET https://firebase.googleapis.com/v1beta1/projects/school-checkin-72e99 200
[debug] [2025-11-16T15:34:05.468Z] <<< [apiv2][body] GET https://firebase.googleapis.com/v1beta1/projects/school-checkin-72e99 {"projectId":"school-checkin-72e99","projectNumber":"608270281540","displayName":"school-checkin","name":"projects/school-checkin-72e99","resources":{"hostingSite":"school-checkin-72e99"},"state":"ACTIVE","etag":"1_999b1aef-c4f0-433d-adbf-7709de15c165"}
[info] i  Using project school-checkin-72e99 (school-checkin) . 
[info] 
=== Hosting Setup
[debug] [2025-11-16T15:34:05.478Z] Checked if tokens are valid: true, expires at: 1763310455432
[debug] [2025-11-16T15:34:05.478Z] Checked if tokens are valid: true, expires at: 1763310455432
[debug] [2025-11-16T15:34:05.478Z] >>> [apiv2][query] GET https://firebase.googleapis.com/v1beta1/projects/school-checkin-72e99 [none]
[debug] [2025-11-16T15:34:05.839Z] <<< [apiv2][status] GET https://firebase.googleapis.com/v1beta1/projects/school-checkin-72e99 200
[debug] [2025-11-16T15:34:05.840Z] <<< [apiv2][body] GET https://firebase.googleapis.com/v1beta1/projects/school-checkin-72e99 {"projectId":"school-checkin-72e99","projectNumber":"608270281540","displayName":"school-checkin","name":"projects/school-checkin-72e99","resources":{"hostingSite":"school-checkin-72e99"},"state":"ACTIVE","etag":"1_999b1aef-c4f0-433d-adbf-7709de15c165"}
[info] 
[info] Your public directory is the folder (relative to your project directory) that
[info] will contain Hosting assets to be uploaded with firebase deploy. If you
[info] have a build process for your assets, use your build's output directory.
[info] 
[info] 
[info] i  Didn't detect a .git folder. Assuming /Users/depa/Desktop/Web Follow Student is the project root. 
[info] i  Authorizing with GitHub to upload your service account to a GitHub repository's secrets store. 
[info] 
[info] Visit this URL on this device to log in:
[info] https://github.com/login/oauth/authorize?client_id=89cf50f02ac6aaed3484&state=505526183&redirect_uri=http%3A%2F%2Flocalhost%3A9005&scope=read%3Auser%20repo%20public_repo
[info] 
[info] Waiting for authentication...
[debug] [2025-11-16T15:34:39.187Z] >>> [apiv2][query] POST https://github.com/login/oauth/access_token [none]
[debug] [2025-11-16T15:34:39.188Z] >>> [apiv2][body] POST https://github.com/login/oauth/access_token [stream]
[debug] [2025-11-16T15:34:39.630Z] <<< [apiv2][status] POST https://github.com/login/oauth/access_token 200
[debug] [2025-11-16T15:34:39.630Z] <<< [apiv2][body] POST https://github.com/login/oauth/access_token {"access_token":"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","token_type":"bearer","scope":"read:user,repo"}
[debug] [2025-11-16T15:34:39.633Z] >>> [apiv2][query] GET https://api.github.com/user [none]
[debug] [2025-11-16T15:34:40.547Z] <<< [apiv2][status] GET https://api.github.com/user 200
[debug] [2025-11-16T15:34:40.547Z] <<< [apiv2][body] GET https://api.github.com/user {"login":"thepbodinttechnology-coder","id":244350895,"node_id":"U_kgDODpB_rw","avatar_url":"https://avatars.githubusercontent.com/u/244350895?v=4","gravatar_id":"","url":"https://api.github.com/users/thepbodinttechnology-coder","html_url":"https://github.com/thepbodinttechnology-coder","followers_url":"https://api.github.com/users/thepbodinttechnology-coder/followers","following_url":"https://api.github.com/users/thepbodinttechnology-coder/following{/other_user}","gists_url":"https://api.github.com/users/thepbodinttechnology-coder/gists{/gist_id}","starred_url":"https://api.github.com/users/thepbodinttechnology-coder/starred{/owner}{/repo}","subscriptions_url":"https://api.github.com/users/thepbodinttechnology-coder/subscriptions","organizations_url":"https://api.github.com/users/thepbodinttechnology-coder/orgs","repos_url":"https://api.github.com/users/thepbodinttechnology-coder/repos","events_url":"https://api.github.com/users/thepbodinttechnology-coder/events{/privacy}","received_events_url":"https://api.github.com/users/thepbodinttechnology-coder/received_events","type":"User","user_view_type":"private","site_admin":false,"name":null,"company":null,"blog":"","location":null,"email":null,"hireable":null,"bio":null,"twitter_username":null,"notification_email":null,"public_repos":0,"public_gists":0,"followers":0,"following":0,"created_at":"2025-11-16T15:28:46Z","updated_at":"2025-11-16T15:28:46Z","private_gists":0,"total_private_repos":0,"owned_private_repos":0,"disk_usage":0,"collaborators":0,"two_factor_authentication":false,"plan":{"name":"free","space":976562499,"collaborators":0,"private_repos":10000}}
[info] 
[info] ✔  Success! Logged into GitHub as thepbodinttechnology-coder 
[info] 
[debug] [2025-11-16T15:34:54.123Z] >>> [apiv2][query] GET https://api.github.com/repos/./actions/secrets/public-key type=owner
[debug] [2025-11-16T15:34:54.554Z] <<< [apiv2][status] GET https://api.github.com/repos/./actions/secrets/public-key 404
[debug] [2025-11-16T15:34:54.555Z] <<< [apiv2][body] GET https://api.github.com/repos/./actions/secrets/public-key {"message":"Not Found","documentation_url":"https://docs.github.com/rest","status":"404"}
[info] 
[info] 
[error] ⚠  The provided authorization cannot be used with this repository. If this repository is in an organization, did you remember to grant access? 
[info] 
[info] i  Action required: Visit this URL to ensure access has been granted to the appropriate organization(s) for the Firebase CLI GitHub OAuth App: 
[info] https://github.com/settings/connections/applications/89cf50f02ac6aaed3484
[info] 
[debug] [2025-11-16T15:35:51.833Z] >>> [apiv2][query] GET https://api.github.com/repos/thepbodinttechnology-coder/actions/secrets/public-key type=owner
[debug] [2025-11-16T15:35:52.320Z] <<< [apiv2][status] GET https://api.github.com/repos/thepbodinttechnology-coder/actions/secrets/public-key 404
[debug] [2025-11-16T15:35:52.320Z] <<< [apiv2][body] GET https://api.github.com/repos/thepbodinttechnology-coder/actions/secrets/public-key {"message":"Not Found","documentation_url":"https://docs.github.com/rest","status":"404"}
[info] 
[info] 
[error] ⚠  The provided authorization cannot be used with this repository. If this repository is in an organization, did you remember to grant access? 
[info] 
[info] i  Action required: Visit this URL to ensure access has been granted to the appropriate organization(s) for the Firebase CLI GitHub OAuth App: 
[info] https://github.com/settings/connections/applications/89cf50f02ac6aaed3484
[info] 
